<?xml version="1.0" encoding="UTF-8"?>
<!-- Generated by org.testng.reporters.JUnitReportReporter -->
<testsuite hostname="DESKTOP-2NLH6GA" failures="0" tests="2" name="com.ebay.qa.testcases.LoginPageTest" time="9.701" errors="0" timestamp="2024-11-23T23:06:11 IST" skipped="0">
  <testcase classname="com.ebay.qa.testcases.LoginPageTest" name="loginPageTitleTest" time="5.099"/>
  <testcase classname="com.ebay.qa.testcases.LoginPageTest" name="enterUserPassword" time="4.602"/>
</testsuite> <!-- com.ebay.qa.testcases.LoginPageTest -->
